# JRE version: OpenJDK Runtime Environment Temurin-21.0.10+7 (21.0.10+7) (build 21.0.10+7-LTS)
# Java VM: OpenJDK 64-Bit Server VM Temurin-21.0.10+7 (21.0.10+7-LTS, mixed mode, sharing, tiered, compressed oops, compressed class ptrs, parallel gc, windows-amd64)
GC Precious Log:
 CardTable entry size: 512
 CPUs: 16 total, 16 available
 Memory: 16004M
 Large Page Support: Disabled
 NUMA Support: Disabled
 Compressed Oops: Enabled (32-bit)
 Alignments: Space 512K, Generation 512K, Heap 2M
 Heap Min Capacity: 100M
 Heap Initial Capacity: 100M
 Heap Max Capacity: 2G
 Pre-touch: Disabled
 Parallel Workers: 13
Heap:
 PSYoungGen      total 24064K, used 2032K [0x00000000d5580000, 0x00000000d7000000, 0x0000000100000000)
  eden space 22016K, 0% used [0x00000000d5580000,0x00000000d5580000,0x00000000d6b00000)
  from space 2048K, 99% used [0x00000000d6b80000,0x00000000d6d7c020,0x00000000d6d80000)
  to   space 2048K, 0% used [0x00000000d6e00000,0x00000000d6e00000,0x00000000d7000000)
 ParOldGen       total 68608K, used 52120K [0x0000000080000000, 0x0000000084300000, 0x00000000d5580000)
  object space 68608K, 75% used [0x0000000080000000,0x00000000832e6380,0x0000000084300000)
 Metaspace       used 59665K, committed 61056K, reserved 1114112K
  class space    used 6359K, committed 6976K, reserved 1048576K
GC Heap History (20 events):
Event: 9.815 GC heap before
{Heap before GC invocations=30 (full 2):
 PSYoungGen      total 23040K, used 23012K [0x00000000d5580000, 0x00000000d6e00000, 0x0000000100000000)
  eden space 22016K, 100% used [0x00000000d5580000,0x00000000d6b00000,0x00000000d6b00000)
  from space 1024K, 97% used [0x00000000d6b00000,0x00000000d6bf91d0,0x00000000d6c00000)
  to   space 1536K, 0% used [0x00000000d6c80000,0x00000000d6c80000,0x00000000d6e00000)
 ParOldGen       total 68608K, used 50001K [0x0000000080000000, 0x0000000084300000, 0x00000000d5580000)
  object space 68608K, 72% used [0x0000000080000000,0x00000000830d46d0,0x0000000084300000)
 Metaspace       used 52416K, committed 53696K, reserved 1114112K
  class space    used 5705K, committed 6272K, reserved 1048576K
}
Event: 9.816 GC heap after
{Heap after GC invocations=30 (full 2):
 PSYoungGen      total 22528K, used 480K [0x00000000d5580000, 0x00000000d6d00000, 0x0000000100000000)
  eden space 22016K, 0% used [0x00000000d5580000,0x00000000d5580000,0x00000000d6b00000)
  from space 512K, 93% used [0x00000000d6c80000,0x00000000d6cf8000,0x00000000d6d00000)
  to   space 1024K, 0% used [0x00000000d6b00000,0x00000000d6b00000,0x00000000d6c00000)
 ParOldGen       total 68608K, used 50905K [0x0000000080000000, 0x0000000084300000, 0x00000000d5580000)
  object space 68608K, 74% used [0x0000000080000000,0x00000000831b65b0,0x0000000084300000)
 Metaspace       used 52416K, committed 53696K, reserved 1114112K
  class space    used 5705K, committed 6272K, reserved 1048576K
}
Event: 10.092 GC heap before
{Heap before GC invocations=31 (full 2):
 PSYoungGen      total 22528K, used 22496K [0x00000000d5580000, 0x00000000d6d00000, 0x0000000100000000)
  eden space 22016K, 100% used [0x00000000d5580000,0x00000000d6b00000,0x00000000d6b00000)
  from space 512K, 93% used [0x00000000d6c80000,0x00000000d6cf8000,0x00000000d6d00000)
  to   space 1024K, 0% used [0x00000000d6b00000,0x00000000d6b00000,0x00000000d6c00000)
 ParOldGen       total 68608K, used 50905K [0x0000000080000000, 0x0000000084300000, 0x00000000d5580000)
  object space 68608K, 74% used [0x0000000080000000,0x00000000831b65b0,0x0000000084300000)
 Metaspace       used 53876K, committed 55168K, reserved 1114112K
  class space    used 5823K, committed 6400K, reserved 1048576K
}
Event: 10.094 GC heap after
{Heap after GC invocations=31 (full 2):
 PSYoungGen      total 23040K, used 1021K [0x00000000d5580000, 0x00000000d7600000, 0x0000000100000000)
  eden space 22016K, 0% used [0x00000000d5580000,0x00000000d5580000,0x00000000d6b00000)
  from space 1024K, 99% used [0x00000000d6b00000,0x00000000d6bff7d0,0x00000000d6c00000)
  to   space 5632K, 0% used [0x00000000d7080000,0x00000000d7080000,0x00000000d7600000)
 ParOldGen       total 68608K, used 54746K [0x0000000080000000, 0x0000000084300000, 0x00000000d5580000)
  object space 68608K, 79% used [0x0000000080000000,0x0000000083576998,0x0000000084300000)
 Metaspace       used 53876K, committed 55168K, reserved 1114112K
  class space    used 5823K, committed 6400K, reserved 1048576K
}
Event: 10.472 GC heap before
{Heap before GC invocations=32 (full 2):
 PSYoungGen      total 23040K, used 23037K [0x00000000d5580000, 0x00000000d7600000, 0x0000000100000000)
  eden space 22016K, 100% used [0x00000000d5580000,0x00000000d6b00000,0x00000000d6b00000)
  from space 1024K, 99% used [0x00000000d6b00000,0x00000000d6bff7d0,0x00000000d6c00000)
  to   space 5632K, 0% used [0x00000000d7080000,0x00000000d7080000,0x00000000d7600000)
 ParOldGen       total 68608K, used 54746K [0x0000000080000000, 0x0000000084300000, 0x00000000d5580000)
  object space 68608K, 79% used [0x0000000080000000,0x0000000083576998,0x0000000084300000)
 Metaspace       used 55867K, committed 57152K, reserved 1114112K
  class space    used 6040K, committed 6656K, reserved 1048576K
}
Event: 10.474 GC heap after
{Heap after GC invocations=32 (full 2):
 PSYoungGen      total 25600K, used 3211K [0x00000000d5580000, 0x00000000d7400000, 0x0000000100000000)
  eden space 22016K, 0% used [0x00000000d5580000,0x00000000d5580000,0x00000000d6b00000)
  from space 3584K, 89% used [0x00000000d7080000,0x00000000d73a2d28,0x00000000d7400000)
  to   space 4096K, 0% used [0x00000000d6c00000,0x00000000d6c00000,0x00000000d7000000)
 ParOldGen       total 68608K, used 55722K [0x0000000080000000, 0x0000000084300000, 0x00000000d5580000)
  object space 68608K, 81% used [0x0000000080000000,0x000000008366a8c8,0x0000000084300000)
 Metaspace       used 55867K, committed 57152K, reserved 1114112K
  class space    used 6040K, committed 6656K, reserved 1048576K
}
Event: 10.555 GC heap before
{Heap before GC invocations=33 (full 2):
 PSYoungGen      total 25600K, used 25192K [0x00000000d5580000, 0x00000000d7400000, 0x0000000100000000)
  eden space 22016K, 99% used [0x00000000d5580000,0x00000000d6af7318,0x00000000d6b00000)
  from space 3584K, 89% used [0x00000000d7080000,0x00000000d73a2d28,0x00000000d7400000)
  to   space 4096K, 0% used [0x00000000d6c00000,0x00000000d6c00000,0x00000000d7000000)
 ParOldGen       total 68608K, used 55722K [0x0000000080000000, 0x0000000084300000, 0x00000000d5580000)
  object space 68608K, 81% used [0x0000000080000000,0x000000008366a8c8,0x0000000084300000)
 Metaspace       used 55900K, committed 57216K, reserved 1114112K
  class space    used 6040K, committed 6656K, reserved 1048576K
}
Event: 10.558 GC heap after
{Heap after GC invocations=33 (full 2):
 PSYoungGen      total 23040K, used 1014K [0x00000000d5580000, 0x00000000d7100000, 0x0000000100000000)
  eden space 22016K, 0% used [0x00000000d5580000,0x00000000d5580000,0x00000000d6b00000)
  from space 1024K, 99% used [0x00000000d6c00000,0x00000000d6cfd9c0,0x00000000d6d00000)
  to   space 2048K, 0% used [0x00000000d6f00000,0x00000000d6f00000,0x00000000d7100000)
 ParOldGen       total 68608K, used 58154K [0x0000000080000000, 0x0000000084300000, 0x00000000d5580000)
  object space 68608K, 84% used [0x0000000080000000,0x00000000838caa38,0x0000000084300000)
 Metaspace       used 55900K, committed 57216K, reserved 1114112K
  class space    used 6040K, committed 6656K, reserved 1048576K
}
Event: 10.824 GC heap before
{Heap before GC invocations=34 (full 2):
 PSYoungGen      total 23040K, used 23030K [0x00000000d5580000, 0x00000000d7100000, 0x0000000100000000)
  eden space 22016K, 100% used [0x00000000d5580000,0x00000000d6b00000,0x00000000d6b00000)
  from space 1024K, 99% used [0x00000000d6c00000,0x00000000d6cfd9c0,0x00000000d6d00000)
  to   space 2048K, 0% used [0x00000000d6f00000,0x00000000d6f00000,0x00000000d7100000)
 ParOldGen       total 68608K, used 58154K [0x0000000080000000, 0x0000000084300000, 0x00000000d5580000)
  object space 68608K, 84% used [0x0000000080000000,0x00000000838caa38,0x0000000084300000)
 Metaspace       used 57248K, committed 58624K, reserved 1114112K
  class space    used 6170K, committed 6784K, reserved 1048576K
}
Event: 10.825 GC heap after
{Heap after GC invocations=34 (full 2):
 PSYoungGen      total 23040K, used 782K [0x00000000d5580000, 0x00000000d7000000, 0x0000000100000000)
  eden space 22016K, 0% used [0x00000000d5580000,0x00000000d5580000,0x00000000d6b00000)
  from space 1024K, 76% used [0x00000000d6f00000,0x00000000d6fc3a80,0x00000000d7000000)
  to   space 1024K, 0% used [0x00000000d6c00000,0x00000000d6c00000,0x00000000d6d00000)
 ParOldGen       total 68608K, used 58178K [0x0000000080000000, 0x0000000084300000, 0x00000000d5580000)
  object space 68608K, 84% used [0x0000000080000000,0x00000000838d0a38,0x0000000084300000)
 Metaspace       used 57248K, committed 58624K, reserved 1114112K
  class space    used 6170K, committed 6784K, reserved 1048576K
}
Event: 11.145 GC heap before
{Heap before GC invocations=35 (full 2):
 PSYoungGen      total 23040K, used 22798K [0x00000000d5580000, 0x00000000d7000000, 0x0000000100000000)
  eden space 22016K, 100% used [0x00000000d5580000,0x00000000d6b00000,0x00000000d6b00000)
  from space 1024K, 76% used [0x00000000d6f00000,0x00000000d6fc3a80,0x00000000d7000000)
  to   space 1024K, 0% used [0x00000000d6c00000,0x00000000d6c00000,0x00000000d6d00000)
 ParOldGen       total 68608K, used 58178K [0x0000000080000000, 0x0000000084300000, 0x00000000d5580000)
  object space 68608K, 84% used [0x0000000080000000,0x00000000838d0a38,0x0000000084300000)
 Metaspace       used 57674K, committed 59008K, reserved 1114112K
  class space    used 6193K, committed 6784K, reserved 1048576K
}
Event: 11.147 GC heap after
{Heap after GC invocations=35 (full 2):
 PSYoungGen      total 23040K, used 1005K [0x00000000d5580000, 0x00000000d6f80000, 0x0000000100000000)
  eden space 22016K, 0% used [0x00000000d5580000,0x00000000d5580000,0x00000000d6b00000)
  from space 1024K, 98% used [0x00000000d6c00000,0x00000000d6cfb6a0,0x00000000d6d00000)
  to   space 2048K, 0% used [0x00000000d6d80000,0x00000000d6d80000,0x00000000d6f80000)
 ParOldGen       total 68608K, used 58871K [0x0000000080000000, 0x0000000084300000, 0x00000000d5580000)
  object space 68608K, 85% used [0x0000000080000000,0x000000008397dcc8,0x0000000084300000)
 Metaspace       used 57674K, committed 59008K, reserved 1114112K
  class space    used 6193K, committed 6784K, reserved 1048576K
}
Event: 12.380 GC heap before
{Heap before GC invocations=36 (full 2):
 PSYoungGen      total 23040K, used 19097K [0x00000000d5580000, 0x00000000d6f80000, 0x0000000100000000)
  eden space 22016K, 82% used [0x00000000d5580000,0x00000000d672ae38,0x00000000d6b00000)
  from space 1024K, 98% used [0x00000000d6c00000,0x00000000d6cfb6a0,0x00000000d6d00000)
  to   space 2048K, 0% used [0x00000000d6d80000,0x00000000d6d80000,0x00000000d6f80000)
 ParOldGen       total 68608K, used 58871K [0x0000000080000000, 0x0000000084300000, 0x00000000d5580000)
  object space 68608K, 85% used [0x0000000080000000,0x000000008397dcc8,0x0000000084300000)
 Metaspace       used 58522K, committed 59776K, reserved 1114112K
  class space    used 6285K, committed 6848K, reserved 1048576K
}
Event: 12.381 GC heap after
{Heap after GC invocations=36 (full 2):
 PSYoungGen      total 24064K, used 1856K [0x00000000d5580000, 0x00000000d6f80000, 0x0000000100000000)
  eden space 22016K, 0% used [0x00000000d5580000,0x00000000d5580000,0x00000000d6b00000)
  from space 2048K, 90% used [0x00000000d6d80000,0x00000000d6f50000,0x00000000d6f80000)
  to   space 2048K, 0% used [0x00000000d6b80000,0x00000000d6b80000,0x00000000d6d80000)
 ParOldGen       total 68608K, used 59740K [0x0000000080000000, 0x0000000084300000, 0x00000000d5580000)
  object space 68608K, 87% used [0x0000000080000000,0x0000000083a57108,0x0000000084300000)
 Metaspace       used 58522K, committed 59776K, reserved 1114112K
  class space    used 6285K, committed 6848K, reserved 1048576K
}
Event: 12.381 GC heap before
{Heap before GC invocations=37 (full 3):
 PSYoungGen      total 24064K, used 1856K [0x00000000d5580000, 0x00000000d6f80000, 0x0000000100000000)
  eden space 22016K, 0% used [0x00000000d5580000,0x00000000d5580000,0x00000000d6b00000)
  from space 2048K, 90% used [0x00000000d6d80000,0x00000000d6f50000,0x00000000d6f80000)
  to   space 2048K, 0% used [0x00000000d6b80000,0x00000000d6b80000,0x00000000d6d80000)
 ParOldGen       total 68608K, used 59740K [0x0000000080000000, 0x0000000084300000, 0x00000000d5580000)
  object space 68608K, 87% used [0x0000000080000000,0x0000000083a57108,0x0000000084300000)
 Metaspace       used 58522K, committed 59776K, reserved 1114112K
  class space    used 6285K, committed 6848K, reserved 1048576K
}
Event: 12.427 GC heap after
{Heap after GC invocations=37 (full 3):
 PSYoungGen      total 24064K, used 0K [0x00000000d5580000, 0x00000000d6f80000, 0x0000000100000000)
  eden space 22016K, 0% used [0x00000000d5580000,0x00000000d5580000,0x00000000d6b00000)
  from space 2048K, 0% used [0x00000000d6d80000,0x00000000d6d80000,0x00000000d6f80000)
  to   space 2048K, 0% used [0x00000000d6b80000,0x00000000d6b80000,0x00000000d6d80000)
 ParOldGen       total 68608K, used 47804K [0x0000000080000000, 0x0000000084300000, 0x00000000d5580000)
  object space 68608K, 69% used [0x0000000080000000,0x0000000082eaf340,0x0000000084300000)
 Metaspace       used 58522K, committed 59776K, reserved 1114112K
  class space    used 6285K, committed 6848K, reserved 1048576K
}
Event: 12.745 GC heap before
{Heap before GC invocations=38 (full 3):
 PSYoungGen      total 24064K, used 22016K [0x00000000d5580000, 0x00000000d6f80000, 0x0000000100000000)
  eden space 22016K, 100% used [0x00000000d5580000,0x00000000d6b00000,0x00000000d6b00000)
  from space 2048K, 0% used [0x00000000d6d80000,0x00000000d6d80000,0x00000000d6f80000)
  to   space 2048K, 0% used [0x00000000d6b80000,0x00000000d6b80000,0x00000000d6d80000)
 ParOldGen       total 68608K, used 47804K [0x0000000080000000, 0x0000000084300000, 0x00000000d5580000)
  object space 68608K, 69% used [0x0000000080000000,0x0000000082eaf340,0x0000000084300000)
 Metaspace       used 58971K, committed 60352K, reserved 1114112K
  class space    used 6305K, committed 6912K, reserved 1048576K
}
Event: 12.747 GC heap after
{Heap after GC invocations=38 (full 3):
 PSYoungGen      total 24064K, used 2016K [0x00000000d5580000, 0x00000000d7100000, 0x0000000100000000)
  eden space 22016K, 0% used [0x00000000d5580000,0x00000000d5580000,0x00000000d6b00000)
  from space 2048K, 98% used [0x00000000d6b80000,0x00000000d6d78020,0x00000000d6d80000)
  to   space 3072K, 0% used [0x00000000d6e00000,0x00000000d6e00000,0x00000000d7100000)
 ParOldGen       total 68608K, used 48360K [0x0000000080000000, 0x0000000084300000, 0x00000000d5580000)
  object space 68608K, 70% used [0x0000000080000000,0x0000000082f3a350,0x0000000084300000)
 Metaspace       used 58971K, committed 60352K, reserved 1114112K
  class space    used 6305K, committed 6912K, reserved 1048576K
}
Event: 13.056 GC heap before
{Heap before GC invocations=39 (full 3):
 PSYoungGen      total 24064K, used 24032K [0x00000000d5580000, 0x00000000d7100000, 0x0000000100000000)
  eden space 22016K, 100% used [0x00000000d5580000,0x00000000d6b00000,0x00000000d6b00000)
  from space 2048K, 98% used [0x00000000d6b80000,0x00000000d6d78020,0x00000000d6d80000)
  to   space 3072K, 0% used [0x00000000d6e00000,0x00000000d6e00000,0x00000000d7100000)
 ParOldGen       total 68608K, used 48360K [0x0000000080000000, 0x0000000084300000, 0x00000000d5580000)
  object space 68608K, 70% used [0x0000000080000000,0x0000000082f3a350,0x0000000084300000)
 Metaspace       used 59268K, committed 60672K, reserved 1114112K
  class space    used 6307K, committed 6912K, reserved 1048576K
}
Event: 13.058 GC heap after
{Heap after GC invocations=39 (full 3):
 PSYoungGen      total 24064K, used 1696K [0x00000000d5580000, 0x00000000d7000000, 0x0000000100000000)
  eden space 22016K, 0% used [0x00000000d5580000,0x00000000d5580000,0x00000000d6b00000)
  from space 2048K, 82% used [0x00000000d6e00000,0x00000000d6fa8000,0x00000000d7000000)
  to   space 2048K, 0% used [0x00000000d6b80000,0x00000000d6b80000,0x00000000d6d80000)
 ParOldGen       total 68608K, used 50284K [0x0000000080000000, 0x0000000084300000, 0x00000000d5580000)
  object space 68608K, 73% used [0x0000000080000000,0x000000008311b370,0x0000000084300000)
 Metaspace       used 59268K, committed 60672K, reserved 1114112K
  class space    used 6307K, committed 6912K, reserved 1048576K
}

